{
  "stats": {
    "suites": 1,
    "tests": 4,
    "passes": 4,
    "pending": 0,
    "failures": 0,
    "start": "2024-08-01T19:45:21.076Z",
    "end": "2024-08-01T19:45:24.861Z",
    "duration": 3785,
    "testsRegistered": 4,
    "passPercent": 100,
    "pendingPercent": 0,
    "other": 0,
    "hasOther": false,
    "skipped": 0,
    "hasSkipped": false
  },
  "results": [
    {
      "uuid": "d144b3ba-699d-4435-a11b-a7119cf7fc2d",
      "title": "",
      "fullFile": "cypress\\e2e\\exercicios-aula02.cy.js",
      "file": "cypress\\e2e\\exercicios-aula02.cy.js",
      "beforeHooks": [],
      "afterHooks": [],
      "tests": [],
      "suites": [
        {
          "uuid": "c13a3af4-c791-4cce-9ea0-b78361f0c473",
          "title": "Página de login",
          "fullFile": "",
          "file": "",
          "beforeHooks": [],
          "afterHooks": [],
          "tests": [
            {
              "title": "Verificar titulo",
              "fullTitle": "Página de login Verificar titulo",
              "timedOut": null,
              "duration": 574,
              "state": "passed",
              "speed": "fast",
              "pass": true,
              "fail": false,
              "pending": false,
              "context": null,
              "code": "cy.title().should('eq', 'AdoPet');",
              "err": {},
              "uuid": "966d6159-8516-437c-b008-5f970e0a4b1d",
              "parentUUID": "c13a3af4-c791-4cce-9ea0-b78361f0c473",
              "isHook": false,
              "skipped": false
            },
            {
              "title": "Verifica mensagem de texto",
              "fullTitle": "Página de login Verifica mensagem de texto",
              "timedOut": null,
              "duration": 517,
              "state": "passed",
              "speed": "fast",
              "pass": true,
              "fail": false,
              "pending": false,
              "context": null,
              "code": "cy.contains('p', 'Quem ama adota!').should('be.visible');",
              "err": {},
              "uuid": "89abe9d8-baa7-40ee-8443-30ab2280d958",
              "parentUUID": "c13a3af4-c791-4cce-9ea0-b78361f0c473",
              "isHook": false,
              "skipped": false
            },
            {
              "title": "Verifica mensagem de texto 2",
              "fullTitle": "Página de login Verifica mensagem de texto 2",
              "timedOut": null,
              "duration": 241,
              "state": "passed",
              "speed": "fast",
              "pass": true,
              "fail": false,
              "pending": false,
              "context": null,
              "code": "cy.contains('p', 'Adotar pode mudar uma vida. Que tal buscar seu novo melhor amigo hoje? Vem com a gente!').should('be.visible');",
              "err": {},
              "uuid": "8d6680b0-ea1e-43b2-85ea-fa6e42aeac32",
              "parentUUID": "c13a3af4-c791-4cce-9ea0-b78361f0c473",
              "isHook": false,
              "skipped": false
            },
            {
              "title": "Login por botão de mensagem",
              "fullTitle": "Página de login Login por botão de mensagem",
              "timedOut": null,
              "duration": 1307,
              "state": "passed",
              "speed": "fast",
              "pass": true,
              "fail": false,
              "pending": false,
              "context": null,
              "code": "cy.get('.header__message').click();\ncy.get('[data-test=\"input-loginEmail\"]').type('ana@email.com');\ncy.get('[data-test=\"input-loginPassword\"]').type('Senha123');\ncy.get('[data-test=\"submit-button\"]').click();",
              "err": {},
              "uuid": "5930d38c-f7c2-4043-b0c9-df003db8adb2",
              "parentUUID": "c13a3af4-c791-4cce-9ea0-b78361f0c473",
              "isHook": false,
              "skipped": false
            }
          ],
          "suites": [],
          "passes": [
            "966d6159-8516-437c-b008-5f970e0a4b1d",
            "89abe9d8-baa7-40ee-8443-30ab2280d958",
            "8d6680b0-ea1e-43b2-85ea-fa6e42aeac32",
            "5930d38c-f7c2-4043-b0c9-df003db8adb2"
          ],
          "failures": [],
          "pending": [],
          "skipped": [],
          "duration": 2639,
          "root": false,
          "rootEmpty": false,
          "_timeout": 2000
        }
      ],
      "passes": [],
      "failures": [],
      "pending": [],
      "skipped": [],
      "duration": 0,
      "root": true,
      "rootEmpty": true,
      "_timeout": 2000
    }
  ],
  "meta": {
    "mocha": {
      "version": "7.0.1"
    },
    "mochawesome": {
      "options": {
        "quiet": false,
        "reportFilename": "mochawesome",
        "saveHtml": false,
        "saveJson": true,
        "consoleReporter": "spec",
        "useInlineDiffs": false,
        "code": true
      },
      "version": "7.1.3"
    },
    "marge": {
      "options": {
        "reportDir": "cypress/results",
        "overwrite": false,
        "html": false,
        "json": true,
        "timestamp": "mmddyyyy_HHMMss"
      },
      "version": "6.2.0"
    }
  }
}