{
  "stats": {
    "suites": 1,
    "tests": 1,
    "passes": 1,
    "pending": 0,
    "failures": 0,
    "start": "2024-08-01T19:45:03.428Z",
    "end": "2024-08-01T19:45:08.034Z",
    "duration": 4606,
    "testsRegistered": 1,
    "passPercent": 100,
    "pendingPercent": 0,
    "other": 0,
    "hasOther": false,
    "skipped": 0,
    "hasSkipped": false
  },
  "results": [
    {
      "uuid": "c705f193-8256-4c0d-93b7-c3439ef69b45",
      "title": "",
      "fullFile": "cypress\\e2e\\cadastro-correto.cy.js",
      "file": "cypress\\e2e\\cadastro-correto.cy.js",
      "beforeHooks": [],
      "afterHooks": [],
      "tests": [],
      "suites": [
        {
          "uuid": "5bcbdfb9-3ebe-41e7-a764-5ab848b110ac",
          "title": "Tela de cadastro",
          "fullFile": "",
          "file": "",
          "beforeHooks": [],
          "afterHooks": [],
          "tests": [
            {
              "title": "Preencher os campos do formulário incorretamente e exibir mensagens pro usuário",
              "fullTitle": "Tela de cadastro Preencher os campos do formulário incorretamente e exibir mensagens pro usuário",
              "timedOut": null,
              "duration": 2869,
              "state": "passed",
              "speed": "fast",
              "pass": true,
              "fail": false,
              "pending": false,
              "context": null,
              "code": "cy.cadastrar('Ana de Jesus', 'novoteste@email.com', 'Senha123');",
              "err": {},
              "uuid": "98854bb4-24e1-45db-828f-1777843f6f5c",
              "parentUUID": "5bcbdfb9-3ebe-41e7-a764-5ab848b110ac",
              "isHook": false,
              "skipped": false
            }
          ],
          "suites": [],
          "passes": [
            "98854bb4-24e1-45db-828f-1777843f6f5c"
          ],
          "failures": [],
          "pending": [],
          "skipped": [],
          "duration": 2869,
          "root": false,
          "rootEmpty": false,
          "_timeout": 2000
        }
      ],
      "passes": [],
      "failures": [],
      "pending": [],
      "skipped": [],
      "duration": 0,
      "root": true,
      "rootEmpty": true,
      "_timeout": 2000
    }
  ],
  "meta": {
    "mocha": {
      "version": "7.0.1"
    },
    "mochawesome": {
      "options": {
        "quiet": false,
        "reportFilename": "mochawesome",
        "saveHtml": false,
        "saveJson": true,
        "consoleReporter": "spec",
        "useInlineDiffs": false,
        "code": true
      },
      "version": "7.1.3"
    },
    "marge": {
      "options": {
        "reportDir": "cypress/results",
        "overwrite": false,
        "html": false,
        "json": true,
        "timestamp": "mmddyyyy_HHMMss"
      },
      "version": "6.2.0"
    }
  }
}