{
  "stats": {
    "suites": 5,
    "tests": 6,
    "passes": 6,
    "pending": 0,
    "failures": 0,
    "start": "2024-08-01T19:45:15.468Z",
    "end": "2024-08-01T19:45:18.714Z",
    "duration": 3246,
    "testsRegistered": 6,
    "passPercent": 100,
    "pendingPercent": 0,
    "other": 0,
    "hasOther": false,
    "skipped": 0,
    "hasSkipped": false
  },
  "results": [
    {
      "uuid": "5b25f639-7d08-4920-9c5e-b0b9dc53f548",
      "title": "",
      "fullFile": "cypress\\e2e\\exercicio-seletores.cy.js",
      "file": "cypress\\e2e\\exercicio-seletores.cy.js",
      "beforeHooks": [],
      "afterHooks": [],
      "tests": [],
      "suites": [
        {
          "uuid": "5a3398c2-15df-4fb2-a203-8b4246169be7",
          "title": "Página de Pets disponíveis",
          "fullFile": "",
          "file": "",
          "beforeHooks": [],
          "afterHooks": [],
          "tests": [
            {
              "title": "Acessar a página principal e clicar no botão Ver pets disponíveis para adoção",
              "fullTitle": "Página de Pets disponíveis Acessar a página principal e clicar no botão Ver pets disponíveis para adoção",
              "timedOut": null,
              "duration": 824,
              "state": "passed",
              "speed": "fast",
              "pass": true,
              "fail": false,
              "pending": false,
              "context": null,
              "code": "cy.visit('https://adopet-frontend-cypress.vercel.app/');\ncy.contains('a', 'Ver pets disponíveis para adoção').click();",
              "err": {},
              "uuid": "95b38e6f-c1fd-485f-8ae1-f2cbff3fa1b2",
              "parentUUID": "5a3398c2-15df-4fb2-a203-8b4246169be7",
              "isHook": false,
              "skipped": false
            }
          ],
          "suites": [],
          "passes": [
            "95b38e6f-c1fd-485f-8ae1-f2cbff3fa1b2"
          ],
          "failures": [],
          "pending": [],
          "skipped": [],
          "duration": 824,
          "root": false,
          "rootEmpty": false,
          "_timeout": 2000
        },
        {
          "uuid": "5fc7a57b-0805-42ca-a534-2c4abc9567a4",
          "title": "Botões do cabeçalho",
          "fullFile": "",
          "file": "",
          "beforeHooks": [],
          "afterHooks": [],
          "tests": [
            {
              "title": "Abrir página principal e testar botão Home no cabeçalho",
              "fullTitle": "Botões do cabeçalho Abrir página principal e testar botão Home no cabeçalho",
              "timedOut": null,
              "duration": 219,
              "state": "passed",
              "speed": "fast",
              "pass": true,
              "fail": false,
              "pending": false,
              "context": null,
              "code": "cy.visit('https://adopet-frontend-cypress.vercel.app/');\ncy.get('a[class = \"header__home').click();",
              "err": {},
              "uuid": "d1f8a855-9559-4726-863a-b57777676a6a",
              "parentUUID": "5fc7a57b-0805-42ca-a534-2c4abc9567a4",
              "isHook": false,
              "skipped": false
            },
            {
              "title": "Abrir página principal e testar botão Message no cabeçalho",
              "fullTitle": "Botões do cabeçalho Abrir página principal e testar botão Message no cabeçalho",
              "timedOut": null,
              "duration": 210,
              "state": "passed",
              "speed": "fast",
              "pass": true,
              "fail": false,
              "pending": false,
              "context": null,
              "code": "cy.visit('https://adopet-frontend-cypress.vercel.app/');\ncy.get('.header__message').click();",
              "err": {},
              "uuid": "fe842383-988f-4d09-9a88-e25856a0885f",
              "parentUUID": "5fc7a57b-0805-42ca-a534-2c4abc9567a4",
              "isHook": false,
              "skipped": false
            }
          ],
          "suites": [],
          "passes": [
            "d1f8a855-9559-4726-863a-b57777676a6a",
            "fe842383-988f-4d09-9a88-e25856a0885f"
          ],
          "failures": [],
          "pending": [],
          "skipped": [],
          "duration": 429,
          "root": false,
          "rootEmpty": false,
          "_timeout": 2000
        },
        {
          "uuid": "5a912784-00cd-4920-888b-826f1d68a525",
          "title": "Acessar página /login",
          "fullFile": "",
          "file": "",
          "beforeHooks": [],
          "afterHooks": [],
          "tests": [
            {
              "title": "Visitar página /login",
              "fullTitle": "Acessar página /login Visitar página /login",
              "timedOut": null,
              "duration": 87,
              "state": "passed",
              "speed": "fast",
              "pass": true,
              "fail": false,
              "pending": false,
              "context": null,
              "code": "cy.visit('https://adopet-frontend-cypress.vercel.app/login');",
              "err": {},
              "uuid": "16a7ede6-c3e9-4e6f-b598-ddfcdb8179b6",
              "parentUUID": "5a912784-00cd-4920-888b-826f1d68a525",
              "isHook": false,
              "skipped": false
            }
          ],
          "suites": [],
          "passes": [
            "16a7ede6-c3e9-4e6f-b598-ddfcdb8179b6"
          ],
          "failures": [],
          "pending": [],
          "skipped": [],
          "duration": 87,
          "root": false,
          "rootEmpty": false,
          "_timeout": 2000
        },
        {
          "uuid": "1005ab73-b006-4a68-91c7-bbbd1d3cd7f7",
          "title": "Acessar página /home",
          "fullFile": "",
          "file": "",
          "beforeHooks": [],
          "afterHooks": [],
          "tests": [
            {
              "title": "Visitar página /home",
              "fullTitle": "Acessar página /home Visitar página /home",
              "timedOut": null,
              "duration": 381,
              "state": "passed",
              "speed": "fast",
              "pass": true,
              "fail": false,
              "pending": false,
              "context": null,
              "code": "cy.visit('https://adopet-frontend-cypress.vercel.app/home');",
              "err": {},
              "uuid": "4fcf614f-1f6c-48f3-b9d2-1134c44a3025",
              "parentUUID": "1005ab73-b006-4a68-91c7-bbbd1d3cd7f7",
              "isHook": false,
              "skipped": false
            }
          ],
          "suites": [],
          "passes": [
            "4fcf614f-1f6c-48f3-b9d2-1134c44a3025"
          ],
          "failures": [],
          "pending": [],
          "skipped": [],
          "duration": 381,
          "root": false,
          "rootEmpty": false,
          "_timeout": 2000
        },
        {
          "uuid": "b753dbcc-28e4-4a92-8294-17a2cce534b1",
          "title": "Acessar home e clicar em botão de mensagem",
          "fullFile": "",
          "file": "",
          "beforeHooks": [],
          "afterHooks": [],
          "tests": [
            {
              "title": "Visitar página /home e clicar em botão message",
              "fullTitle": "Acessar home e clicar em botão de mensagem Visitar página /home e clicar em botão message",
              "timedOut": null,
              "duration": 286,
              "state": "passed",
              "speed": "fast",
              "pass": true,
              "fail": false,
              "pending": false,
              "context": null,
              "code": "cy.visit('https://adopet-frontend-cypress.vercel.app/home');\ncy.get('.header__message').click();",
              "err": {},
              "uuid": "c8f7a88e-2ac4-473a-bc7f-e6382d7f0dcc",
              "parentUUID": "b753dbcc-28e4-4a92-8294-17a2cce534b1",
              "isHook": false,
              "skipped": false
            }
          ],
          "suites": [],
          "passes": [
            "c8f7a88e-2ac4-473a-bc7f-e6382d7f0dcc"
          ],
          "failures": [],
          "pending": [],
          "skipped": [],
          "duration": 286,
          "root": false,
          "rootEmpty": false,
          "_timeout": 2000
        }
      ],
      "passes": [],
      "failures": [],
      "pending": [],
      "skipped": [],
      "duration": 0,
      "root": true,
      "rootEmpty": true,
      "_timeout": 2000
    }
  ],
  "meta": {
    "mocha": {
      "version": "7.0.1"
    },
    "mochawesome": {
      "options": {
        "quiet": false,
        "reportFilename": "mochawesome",
        "saveHtml": false,
        "saveJson": true,
        "consoleReporter": "spec",
        "useInlineDiffs": false,
        "code": true
      },
      "version": "7.1.3"
    },
    "marge": {
      "options": {
        "reportDir": "cypress/results",
        "overwrite": false,
        "html": false,
        "json": true,
        "timestamp": "mmddyyyy_HHMMss"
      },
      "version": "6.2.0"
    }
  }
}