{
  "stats": {
    "suites": 1,
    "tests": 1,
    "passes": 1,
    "pending": 0,
    "failures": 0,
    "start": "2024-08-01T19:45:32.635Z",
    "end": "2024-08-01T19:45:35.817Z",
    "duration": 3182,
    "testsRegistered": 1,
    "passPercent": 100,
    "pendingPercent": 0,
    "other": 0,
    "hasOther": false,
    "skipped": 0,
    "hasSkipped": false
  },
  "results": [
    {
      "uuid": "33c0544c-055c-47d7-b185-bf6b03dbe32d",
      "title": "",
      "fullFile": "cypress\\e2e\\login-incorreto.cy.js",
      "file": "cypress\\e2e\\login-incorreto.cy.js",
      "beforeHooks": [],
      "afterHooks": [],
      "tests": [],
      "suites": [
        {
          "uuid": "f2de52a0-6723-4712-98ef-6ebe30029a97",
          "title": "Página de login",
          "fullFile": "",
          "file": "",
          "beforeHooks": [],
          "afterHooks": [],
          "tests": [
            {
              "title": "Deve preencher os campos do login incorretamente, não autenticar o usuário na página e exibir mensagem de erro",
              "fullTitle": "Página de login Deve preencher os campos do login incorretamente, não autenticar o usuário na página e exibir mensagem de erro",
              "timedOut": null,
              "duration": 2093,
              "state": "passed",
              "speed": "fast",
              "pass": true,
              "fail": false,
              "pending": false,
              "context": null,
              "code": "cy.get('[data-test=\"input-loginEmail\"]').type('ana');\ncy.get('[data-test=\"input-loginPassword\"]').type('senha');\ncy.get('[data-test=\"submit-button\"]').click();\ncy.contains('Por favor, verifique o email digitado').should('be.visible');\ncy.contains('A senha deve conter pelo menos uma letra maiúscula, um número e ter entre 6 e 15 caracteres').should('be.visible');",
              "err": {},
              "uuid": "044673d7-e4e9-44e3-bcc8-389b12603e33",
              "parentUUID": "f2de52a0-6723-4712-98ef-6ebe30029a97",
              "isHook": false,
              "skipped": false
            }
          ],
          "suites": [],
          "passes": [
            "044673d7-e4e9-44e3-bcc8-389b12603e33"
          ],
          "failures": [],
          "pending": [],
          "skipped": [],
          "duration": 2093,
          "root": false,
          "rootEmpty": false,
          "_timeout": 2000
        }
      ],
      "passes": [],
      "failures": [],
      "pending": [],
      "skipped": [],
      "duration": 0,
      "root": true,
      "rootEmpty": true,
      "_timeout": 2000
    }
  ],
  "meta": {
    "mocha": {
      "version": "7.0.1"
    },
    "mochawesome": {
      "options": {
        "quiet": false,
        "reportFilename": "mochawesome",
        "saveHtml": false,
        "saveJson": true,
        "consoleReporter": "spec",
        "useInlineDiffs": false,
        "code": true
      },
      "version": "7.1.3"
    },
    "marge": {
      "options": {
        "reportDir": "cypress/results",
        "overwrite": false,
        "html": false,
        "json": true,
        "timestamp": "mmddyyyy_HHMMss"
      },
      "version": "6.2.0"
    }
  }
}